31/01/14 21:28:20 - debug: debug enabled
31/01/14 21:28:20 - DBhandler ini
31/01/14 21:28:20 - DB connected
31/01/14 21:28:20 - session started
31/01/14 21:28:20 - DB connected
31/01/14 21:28:20 - Modul: content loaded
31/01/14 21:28:20 - DB connected
31/01/14 21:28:20 - Modul: content loaded
31/01/14 21:29:02 - debug: debug enabled
31/01/14 21:29:02 - DBhandler ini
31/01/14 21:29:02 - DB connected
31/01/14 21:29:02 - session started
31/01/14 21:29:02 - Modul: content loaded
31/01/14 21:29:02 - 
31/01/14 21:29:03 - debug: debug enabled
31/01/14 21:29:03 - DBhandler ini
31/01/14 21:29:03 - DB connected
31/01/14 21:29:03 - session started
31/01/14 21:29:03 - Modul: content loaded
31/01/14 21:29:03 - 
31/01/14 21:31:16 - debug: debug enabled
31/01/14 21:31:16 - DBhandler ini
31/01/14 21:31:16 - DB connected
31/01/14 21:31:16 - session started
31/01/14 21:31:16 - Modul: content loaded
31/01/14 21:31:16 - 
31/01/14 21:31:17 - debug: debug enabled
31/01/14 21:31:17 - DBhandler ini
31/01/14 21:31:17 - DB connected
31/01/14 21:31:17 - session started
31/01/14 21:31:17 - Modul: content loaded
31/01/14 21:31:17 - 
31/01/14 21:31:17 - debug: debug enabled
31/01/14 21:31:17 - DBhandler ini
31/01/14 21:31:17 - DB connected
31/01/14 21:31:17 - session started
31/01/14 21:31:17 - Modul: content loaded
31/01/14 21:31:17 - 
31/01/14 21:32:57 - debug: debug enabled
31/01/14 21:32:57 - DBhandler ini
31/01/14 21:32:57 - DB connected
31/01/14 21:32:57 - session started
31/01/14 21:32:57 - Modul: content loaded
31/01/14 21:32:57 - 
31/01/14 21:32:58 - debug: debug enabled
31/01/14 21:32:58 - DBhandler ini
31/01/14 21:32:58 - DB connected
31/01/14 21:32:58 - session started
31/01/14 21:32:58 - Modul: content loaded
31/01/14 21:32:58 - 
31/01/14 21:32:58 - debug: debug enabled
31/01/14 21:32:58 - DBhandler ini
31/01/14 21:32:58 - DB connected
31/01/14 21:32:58 - session started
31/01/14 21:32:58 - Modul: content loaded
31/01/14 21:32:58 - 
31/01/14 21:33:13 - debug: debug enabled
31/01/14 21:33:13 - DBhandler ini
31/01/14 21:33:13 - DB connected
31/01/14 21:33:13 - session started
31/01/14 21:33:13 - Modul: content loaded
31/01/14 21:33:13 - Modul: content loaded
31/01/14 21:33:13 - debug: debug enabled
31/01/14 21:33:13 - DBhandler ini
31/01/14 21:33:13 - DB connected
31/01/14 21:33:13 - session started
31/01/14 21:33:13 - Modul: content loaded
31/01/14 21:33:13 - Modul: content loaded
31/01/14 21:33:32 - debug: debug enabled
31/01/14 21:33:32 - DBhandler ini
31/01/14 21:33:32 - DB connected
31/01/14 21:33:32 - session started
31/01/14 21:33:32 - Modul: content loaded
31/01/14 21:33:32 - Modul: content loaded
31/01/14 21:33:33 - debug: debug enabled
31/01/14 21:33:33 - DBhandler ini
31/01/14 21:33:33 - DB connected
31/01/14 21:33:33 - session started
31/01/14 21:33:33 - Modul: content loaded
31/01/14 21:33:33 - Modul: content loaded
31/01/14 21:33:34 - debug: debug enabled
31/01/14 21:33:34 - DBhandler ini
31/01/14 21:33:34 - DB connected
31/01/14 21:33:34 - session started
31/01/14 21:33:34 - Modul: content loaded
31/01/14 21:33:34 - Modul: content loaded
31/01/14 21:33:45 - debug: debug enabled
31/01/14 21:33:45 - DBhandler ini
31/01/14 21:33:45 - DB connected
31/01/14 21:33:45 - session started
31/01/14 21:33:45 - DBhandler ini
31/01/14 21:33:45 - DB connected
31/01/14 21:33:45 - Modul: content loaded
31/01/14 21:33:45 - DBhandler ini
31/01/14 21:33:45 - DB connected
31/01/14 21:33:45 - Modul: content loaded
31/01/14 21:33:47 - debug: debug enabled
31/01/14 21:33:47 - DBhandler ini
31/01/14 21:33:47 - DB connected
31/01/14 21:33:47 - session started
31/01/14 21:33:47 - DBhandler ini
31/01/14 21:33:47 - DB connected
31/01/14 21:33:47 - Modul: content loaded
31/01/14 21:33:47 - DBhandler ini
31/01/14 21:33:47 - DB connected
31/01/14 21:33:47 - Modul: content loaded
31/01/14 21:33:48 - debug: debug enabled
31/01/14 21:33:48 - DBhandler ini
31/01/14 21:33:48 - DB connected
31/01/14 21:33:48 - session started
31/01/14 21:33:48 - DBhandler ini
31/01/14 21:33:48 - DB connected
31/01/14 21:33:48 - Modul: content loaded
31/01/14 21:33:48 - DBhandler ini
31/01/14 21:33:48 - DB connected
31/01/14 21:33:48 - Modul: content loaded
31/01/14 21:33:48 - debug: debug enabled
31/01/14 21:33:48 - DBhandler ini
31/01/14 21:33:48 - DB connected
31/01/14 21:33:48 - session started
31/01/14 21:33:48 - DBhandler ini
31/01/14 21:33:48 - DB connected
31/01/14 21:33:48 - Modul: content loaded
31/01/14 21:33:48 - DBhandler ini
31/01/14 21:33:48 - DB connected
31/01/14 21:33:48 - Modul: content loaded
31/01/14 21:34:04 - debug: debug enabled
31/01/14 21:34:04 - DBhandler ini
31/01/14 21:34:04 - DB connected
31/01/14 21:34:04 - session started
31/01/14 21:34:04 - Modul: content loaded
31/01/14 21:34:04 - 
31/01/14 21:34:04 - debug: debug enabled
31/01/14 21:34:04 - DBhandler ini
31/01/14 21:34:04 - DB connected
31/01/14 21:34:04 - session started
31/01/14 21:34:04 - Modul: content loaded
31/01/14 21:34:04 - 
01/02/14 06:54:33 - debug: debug enabled
01/02/14 06:54:33 - DBhandler ini
01/02/14 06:54:33 - No such file or directory
01/02/14 06:57:51 - debug: debug enabled
01/02/14 06:57:51 - DBhandler ini
01/02/14 06:57:51 - DB connected
01/02/14 06:57:51 - session started
01/02/14 06:57:51 - Modul: content loaded
01/02/14 06:57:54 - debug: debug enabled
01/02/14 06:57:54 - DBhandler ini
01/02/14 06:57:54 - DB connected
01/02/14 06:57:54 - session started
01/02/14 06:57:54 - Modul: content loaded
01/02/14 06:57:54 - 
01/02/14 06:59:57 - debug: debug enabled
01/02/14 06:59:57 - session started
01/02/14 06:59:57 - DBhandler ini
01/02/14 06:59:57 - DB connected
01/02/14 06:59:57 - Modul: content loaded
01/02/14 07:00:07 - debug: debug enabled
01/02/14 07:00:07 - session started
01/02/14 07:00:07 - DBhandler ini
01/02/14 07:00:07 - DB connected
01/02/14 07:00:07 - Modul: content loaded
01/02/14 07:00:18 - debug: debug enabled
01/02/14 07:00:18 - session started
01/02/14 07:00:18 - DBhandler ini
01/02/14 07:00:18 - DB connected
01/02/14 07:00:18 - Modul: content loaded
01/02/14 07:00:18 - Modul: content loaded
01/02/14 07:00:40 - debug: debug enabled
01/02/14 07:00:40 - session started
01/02/14 07:00:40 - DBhandler ini
01/02/14 07:00:40 - DB connected
01/02/14 07:00:40 - Modul: content loaded
01/02/14 07:00:40 - Modul: content loaded
01/02/14 07:00:40 - debug: debug enabled
01/02/14 07:00:40 - session started
01/02/14 07:00:40 - DBhandler ini
01/02/14 07:00:40 - DB connected
01/02/14 07:00:40 - Modul: content loaded
01/02/14 07:00:40 - Modul: content loaded
01/02/14 07:03:25 - debug: debug enabled
01/02/14 07:03:25 - session started
01/02/14 07:03:25 - DBhandler ini
01/02/14 07:03:25 - DB connected
01/02/14 07:03:25 - Modul: content loaded
01/02/14 07:08:45 - debug: debug enabled
01/02/14 07:08:45 - session started
01/02/14 07:08:45 - DBhandler ini
01/02/14 07:08:45 - DB connected
01/02/14 07:08:45 - Modul: content loaded
01/02/14 07:08:45 - Modul: content loaded
01/02/14 07:09:06 - debug: debug enabled
01/02/14 07:09:06 - session started
01/02/14 07:09:06 - DBhandler ini
01/02/14 07:09:06 - DB connected
01/02/14 07:09:06 - Modul: content loaded
01/02/14 07:09:06 - Modul: content loaded
01/02/14 07:09:31 - debug: debug enabled
01/02/14 07:09:31 - session started
01/02/14 07:09:31 - DBhandler ini
01/02/14 07:09:31 - DB connected
01/02/14 07:09:32 - Modul: content loaded
01/02/14 07:09:32 - Modul: content loaded
01/02/14 07:10:20 - debug: debug enabled
01/02/14 07:10:20 - session started
01/02/14 07:10:20 - DBhandler ini
01/02/14 07:10:20 - DB connected
01/02/14 07:10:20 - Modul: content loaded
01/02/14 07:10:20 - Modul: content loaded
01/02/14 07:12:14 - debug: debug enabled
01/02/14 07:12:14 - session started
01/02/14 07:14:02 - debug: debug enabled
01/02/14 07:14:02 - session started
01/02/14 07:14:59 - debug: debug enabled
01/02/14 07:14:59 - session started
01/02/14 07:15:03 - debug: debug enabled
01/02/14 07:15:03 - session started
01/02/14 07:15:24 - debug: debug enabled
01/02/14 07:15:24 - DBhandler ini
01/02/14 07:15:24 - DB connected
01/02/14 07:15:24 - session started
01/02/14 07:15:28 - debug: debug enabled
01/02/14 07:15:28 - DBhandler ini
01/02/14 07:15:28 - DB connected
01/02/14 07:01/02/14 07:36:31 - session started
01/02/14 07:36:31 - Modul: content loaded
01/02/14 07:36:31 - Modul: content loaded
01/02/14 07:36:31 - session started
01/02/14 07:36:31 - Modul: content loaded
01/02/14 07:36:31 - Modul: content loaded
01/02/14 07:37:07 - debug: debug enabled
01/02/14 07:37:07 - DBhandler ini
01/02/14 07:37:07 - DB connected
01/02/14 07:37:07 - session started
01/02/14 07:37:07 - Modul: content loaded
01/02/14 07:37:07 - Modul: content loaded
01/02/14 07:37:08 - debug: debug enabled
01/02/14 07:37:08 - DBhandler ini
01/02/14 07:37:08 - DB connected
01/02/14 07:37:08 - session started
01/02/14 07:37:08 - Modul: content loaded
01/02/14 07:37:08 - Modul: content loaded
01/02/14 07:37:16 - debug: debug enabled
01/02/14 07:37:16 - DBhandler ini
01/02/14 07:37:16 - DB connected
01/02/14 07:37:16 - session started
01/02/14 07:37:16 - Modul: content loaded
01/02/14 07:37:16 - Modul: content loaded
01/02/14 07:38:14 - debug: debug enabled
01/02/14 07:38:14 - DBhandler ini
01/02/14 07:38:14 - DB connected
01/02/14 07:38:14 - session started
01/02/14 07:38:14 - Modul: content loaded
01/02/14 07:38:14 - Modul: content loaded
01/02/14 07:38:42 - debug: debug enabled
01/02/14 07:38:42 - DBhandler ini
01/02/14 07:38:42 - DB connected
01/02/14 07:38:42 - session started
01/02/14 07:38:42 - Modul: content loaded
01/02/14 07:39:14 - debug: debug enabled
01/02/14 07:39:14 - DBhandler ini
01/02/14 07:39:14 - DB connected
01/02/14 07:39:14 - session started
01/02/14 07:39:14 - Modul: content loaded
01/02/14 07:39:14 - Modul: content loaded
01/02/14 07:40:55 - debug: debug enabled
01/02/14 07:40:55 - DBhandler ini
01/02/14 07:40:55 - DB connected
01/02/14 07:40:55 - session started
01/02/14 07:40:55 - Modul: content loaded
01/02/14 07:40:55 - Modul: content loaded
01/02/14 07:41:16 - debug: debug enabled
01/02/14 07:41:16 - DBhandler ini
01/02/14 07:41:16 - DB connected
01/02/14 07:41:16 - session started
01/02/14 07:41:16 - Modul: content loaded
01/02/14 07:41:31 - debug: debug enabled
01/02/14 07:41:31 - DBhandler ini
01/02/14 07:41:31 - DB connected
01/02/14 07:41:31 - session started
01/02/14 07:41:31 - Modul: content loaded
01/02/14 07:41:32 - debug: debug enabled
01/02/14 07:41:32 - DBhandler ini
01/02/14 07:41:32 - DB connected
01/02/14 07:41:32 - session started
01/02/14 07:41:32 - Modul: content loaded
01/02/14 07:41:38 - debug: debug enabled
01/02/14 07:41:38 - DBhandler ini
01/02/14 07:41:38 - DB connected
01/02/14 07:41:38 - session started
01/02/14 07:41:38 - Modul: content loaded
01/02/14 07:41:38 - debug: debug enabled
01/02/14 07:41:38 - DBhandler ini
01/02/14 07:41:38 - DB connected
01/02/14 07:41:38 - session started
01/02/14 07:41:38 - Modul: content loaded
01/02/14 07:42:22 - debug: debug enabled
01/02/14 07:42:22 - DBhandler ini
01/02/14 07:42:22 - DB connected
01/02/14 07:42:22 - session started
01/02/14 07:42:22 - Modul: content loaded
01/02/14 07:42:23 - debug: debug enabled
01/02/14 07:42:23 - DBhandler ini
01/02/14 07:42:23 - DB connected
01/02/14 07:42:23 - session started
01/02/14 07:42:23 - Modul: content loaded
01/02/14 07:42:35 - debug: debug enabled
01/02/14 07:42:35 - DBhandler ini
01/02/14 07:42:35 - DB connected
01/02/14 07:42:35 - session started
01/02/14 07:42:35 - Modul: content loaded
01/02/14 07:42:48 - debug: debug enabled
01/02/14 07:42:48 - DBhandler ini
01/02/14 07:42:48 - DB connected
01/02/14 07:42:48 - session started
01/02/14 07:42:48 - Modul: content loaded
01/02/14 07:42:48 - Modul: content loaded
01/02/14 07:43:04 - debug: debug enabled
01/02/14 07:43:04 - DBhandler ini
01/02/14 07:43:04 - DB connected
01/02/14 07:43:04 - session started
01/02/14 07:43:04 - Modul: content loaded
01/02/14 07:43:04 - Modul: content loaded
01/02/14 07:43:10 - debug: debug enabled
01/02/14 07:43:10 - DBhandler ini
01/02/14 07:43:10 - DB connected
01/02/14 07:43:10 - session started
01/02/14 07:43:10 - Modul: content loaded
01/02/14 07:43:10 - Modul: content loaded
